TN:
SF:src\router.ts
FN:36,(anonymous_0)
FN:55,(anonymous_1)
FNF:2
FNH:2
FNDA:4,(anonymous_0)
FNDA:5,(anonymous_1)
DA:1,2
DA:2,2
DA:10,2
DA:11,2
DA:13,2
DA:15,2
DA:17,2
DA:24,2
DA:36,4
DA:43,2
DA:55,5
DA:64,2
DA:70,2
DA:77,2
LF:14
LH:14
BRF:0
BRH:0
end_of_record
TN:
SF:src\server.ts
FN:6,connectDB
FN:24,(anonymous_2)
FNF:2
FNH:2
FNDA:3,connectDB
FNDA:1,(anonymous_2)
DA:1,2
DA:2,2
DA:3,2
DA:4,2
DA:6,2
DA:7,3
DA:8,3
DA:9,2
DA:12,1
DA:15,2
DA:17,2
DA:20,2
DA:22,2
DA:24,2
DA:25,1
DA:28,2
LF:16
LH:16
BRF:0
BRH:0
end_of_record
TN:
SF:src\config\db.ts
FNF:0
FNH:0
DA:1,2
DA:2,2
DA:3,2
DA:7,2
DA:22,2
LF:5
LH:5
BRF:0
BRH:0
end_of_record
TN:
SF:src\handlers\product.ts
FN:5,(anonymous_1)
FN:15,(anonymous_2)
FN:30,(anonymous_3)
FN:58,(anonymous_4)
FN:76,(anonymous_5)
FN:94,(anonymous_6)
FNF:6
FNH:6
FNDA:2,(anonymous_1)
FNDA:2,(anonymous_2)
FNDA:1,(anonymous_3)
FNDA:2,(anonymous_4)
FNDA:2,(anonymous_5)
FNDA:2,(anonymous_6)
DA:3,2
DA:5,2
DA:6,2
DA:7,2
DA:10,2
DA:12,0
DA:15,2
DA:16,2
DA:17,2
DA:18,2
DA:19,2
DA:20,1
DA:21,1
DA:24,1
DA:26,0
DA:30,2
DA:50,1
DA:51,1
DA:52,1
DA:54,0
DA:58,2
DA:59,2
DA:60,2
DA:61,2
DA:62,2
DA:63,1
DA:64,1
DA:68,1
DA:69,1
DA:70,1
DA:72,0
DA:76,2
DA:77,2
DA:78,2
DA:79,2
DA:80,2
DA:81,1
DA:82,1
DA:86,1
DA:87,1
DA:88,1
DA:90,0
DA:94,2
DA:95,2
DA:96,2
DA:97,2
DA:98,2
DA:99,1
DA:100,1
DA:103,1
DA:106,1
DA:108,0
LF:52
LH:46
BRDA:19,0,0,1
BRDA:62,1,0,1
BRDA:80,2,0,1
BRDA:98,3,0,1
BRF:4
BRH:4
end_of_record
TN:
SF:src\middleware\index.ts
FN:4,(anonymous_0)
FNF:1
FNH:1
FNDA:17,(anonymous_0)
DA:2,2
DA:4,2
DA:9,17
DA:10,17
DA:11,8
DA:12,8
DA:15,9
LF:7
LH:7
BRDA:10,0,0,8
BRF:1
BRH:1
end_of_record
TN:
SF:src\models\Product.model.ts
FNF:0
FNH:0
DA:1,3
DA:7,3
DA:11,3
DA:15,3
DA:20,3
DA:23,3
LF:6
LH:6
BRF:0
BRH:0
end_of_record
